2018-04-11T15:04:49+08:00	act=get_auth_info&return_data=json&ac=c476cb0385d9fd05134b59ca8213c2dc
array (
  'act' => 'get_auth_info',
  'return_data' => 'json',
  'ac' => 'c476cb0385d9fd05134b59ca8213c2dc',
)

2018-04-11T15:05:01+08:00	act=get_auth_info&return_data=json&ac=c476cb0385d9fd05134b59ca8213c2dc
array (
  'act' => 'get_auth_info',
  'return_data' => 'json',
  'ac' => 'c476cb0385d9fd05134b59ca8213c2dc',
)

2018-04-11T15:07:27+08:00	act=get_auth_info&return_data=json&ac=c476cb0385d9fd05134b59ca8213c2dc
array (
  'act' => 'get_auth_info',
  'return_data' => 'json',
  'ac' => 'c476cb0385d9fd05134b59ca8213c2dc',
)

2018-04-11T15:08:21+08:00	act=ecmobile_send_sms&phone=13352817084&content=729034，短信验证码有效期30分钟，请尽快进行验证。&return_data=json&ac=f0406dca288b009144625a429201a6c0
array (
  'act' => 'ecmobile_send_sms',
  'phone' => '13352817084',
  'content' => '729034，短信验证码有效期30分钟，请尽快进行验证。',
  'return_data' => 'json',
  'ac' => 'f0406dca288b009144625a429201a6c0',
)

2018-04-11T15:09:06+08:00	act=get_auth_info&return_data=json&ac=c476cb0385d9fd05134b59ca8213c2dc
array (
  'act' => 'get_auth_info',
  'return_data' => 'json',
  'ac' => 'c476cb0385d9fd05134b59ca8213c2dc',
)

2018-04-11T15:09:16+08:00	act=get_auth_info&return_data=json&ac=c476cb0385d9fd05134b59ca8213c2dc
array (
  'act' => 'get_auth_info',
  'return_data' => 'json',
  'ac' => 'c476cb0385d9fd05134b59ca8213c2dc',
)

2018-04-11T15:09:46+08:00	act=get_auth_info&return_data=json&ac=c476cb0385d9fd05134b59ca8213c2dc
array (
  'act' => 'get_auth_info',
  'return_data' => 'json',
  'ac' => 'c476cb0385d9fd05134b59ca8213c2dc',
)

2018-04-11T15:09:49+08:00	act=get_auth_info&return_data=json&ac=c476cb0385d9fd05134b59ca8213c2dc
array (
  'act' => 'get_auth_info',
  'return_data' => 'json',
  'ac' => 'c476cb0385d9fd05134b59ca8213c2dc',
)

2018-04-11T15:10:21+08:00	act=get_auth_info&return_data=json&ac=c476cb0385d9fd05134b59ca8213c2dc
array (
  'act' => 'get_auth_info',
  'return_data' => 'json',
  'ac' => 'c476cb0385d9fd05134b59ca8213c2dc',
)

2018-04-11T15:11:02+08:00	act=get_auth_info&return_data=json&ac=c476cb0385d9fd05134b59ca8213c2dc
array (
  'act' => 'get_auth_info',
  'return_data' => 'json',
  'ac' => 'c476cb0385d9fd05134b59ca8213c2dc',
)

2018-04-11T15:12:29+08:00	act=get_auth_info&return_data=json&ac=c476cb0385d9fd05134b59ca8213c2dc
array (
  'act' => 'get_auth_info',
  'return_data' => 'json',
  'ac' => 'c476cb0385d9fd05134b59ca8213c2dc',
)

2018-04-11T15:14:05+08:00	act=ecmobile_fire_event&type=order_create&id=2018041113884&return_data=json&ac=e9ac4813e5a705cb1945911798ef5f9a
array (
  'act' => 'ecmobile_fire_event',
  'type' => 'order_create',
  'id' => '2018041113884',
  'return_data' => 'json',
  'ac' => 'e9ac4813e5a705cb1945911798ef5f9a',
)

2018-04-11T15:14:06+08:00	act=get_auth_info&return_data=json&ac=c476cb0385d9fd05134b59ca8213c2dc
array (
  'act' => 'get_auth_info',
  'return_data' => 'json',
  'ac' => 'c476cb0385d9fd05134b59ca8213c2dc',
)

2018-04-11T15:21:03+08:00	act=get_auth_info&return_data=json&ac=c476cb0385d9fd05134b59ca8213c2dc
array (
  'act' => 'get_auth_info',
  'return_data' => 'json',
  'ac' => 'c476cb0385d9fd05134b59ca8213c2dc',
)

2018-04-11T15:21:46+08:00	act=get_auth_info&return_data=json&ac=c476cb0385d9fd05134b59ca8213c2dc
array (
  'act' => 'get_auth_info',
  'return_data' => 'json',
  'ac' => 'c476cb0385d9fd05134b59ca8213c2dc',
)

2018-04-11T15:21:53+08:00	act=ecmobile_get_logistics_info&order_sn=2018041113884&return_data=json&ac=69ea352f4e7774b2548b237282f907fb
array (
  'act' => 'ecmobile_get_logistics_info',
  'order_sn' => '2018041113884',
  'return_data' => 'json',
  'ac' => '69ea352f4e7774b2548b237282f907fb',
)

2018-04-11T15:22:32+08:00	act=get_auth_info&return_data=json&ac=c476cb0385d9fd05134b59ca8213c2dc
array (
  'act' => 'get_auth_info',
  'return_data' => 'json',
  'ac' => 'c476cb0385d9fd05134b59ca8213c2dc',
)

2018-04-11T15:22:35+08:00	act=ecmobile_get_logistics_info&order_sn=2018041113884&return_data=json&ac=69ea352f4e7774b2548b237282f907fb
array (
  'act' => 'ecmobile_get_logistics_info',
  'order_sn' => '2018041113884',
  'return_data' => 'json',
  'ac' => '69ea352f4e7774b2548b237282f907fb',
)

2018-04-11T15:22:40+08:00	act=ecmobile_get_logistics_info&order_sn=2018041113884&return_data=json&ac=69ea352f4e7774b2548b237282f907fb
array (
  'act' => 'ecmobile_get_logistics_info',
  'order_sn' => '2018041113884',
  'return_data' => 'json',
  'ac' => '69ea352f4e7774b2548b237282f907fb',
)

2018-04-11T15:22:46+08:00	act=ecmobile_fire_event&type=order_update&id=2018041113884&return_data=json&ac=ca8546b578fcacbd172bb4db7e7db9e1
array (
  'act' => 'ecmobile_fire_event',
  'type' => 'order_update',
  'id' => '2018041113884',
  'return_data' => 'json',
  'ac' => 'ca8546b578fcacbd172bb4db7e7db9e1',
)

2018-04-11T15:23:30+08:00	act=get_auth_info&return_data=json&ac=c476cb0385d9fd05134b59ca8213c2dc
array (
  'act' => 'get_auth_info',
  'return_data' => 'json',
  'ac' => 'c476cb0385d9fd05134b59ca8213c2dc',
)

2018-04-11T15:23:57+08:00	act=get_auth_info&return_data=json&ac=c476cb0385d9fd05134b59ca8213c2dc
array (
  'act' => 'get_auth_info',
  'return_data' => 'json',
  'ac' => 'c476cb0385d9fd05134b59ca8213c2dc',
)

2018-04-11T15:24:04+08:00	act=ecmobile_fire_event&type=order_update&id=2018041113884&return_data=json&ac=ca8546b578fcacbd172bb4db7e7db9e1
array (
  'act' => 'ecmobile_fire_event',
  'type' => 'order_update',
  'id' => '2018041113884',
  'return_data' => 'json',
  'ac' => 'ca8546b578fcacbd172bb4db7e7db9e1',
)

2018-04-11T15:26:06+08:00	act=get_auth_info&return_data=json&ac=c476cb0385d9fd05134b59ca8213c2dc
array (
  'act' => 'get_auth_info',
  'return_data' => 'json',
  'ac' => 'c476cb0385d9fd05134b59ca8213c2dc',
)

2018-04-11T15:26:20+08:00	act=get_auth_info&return_data=json&ac=c476cb0385d9fd05134b59ca8213c2dc
array (
  'act' => 'get_auth_info',
  'return_data' => 'json',
  'ac' => 'c476cb0385d9fd05134b59ca8213c2dc',
)

2018-04-11T15:27:58+08:00	act=get_auth_info&return_data=json&ac=c476cb0385d9fd05134b59ca8213c2dc
array (
  'act' => 'get_auth_info',
  'return_data' => 'json',
  'ac' => 'c476cb0385d9fd05134b59ca8213c2dc',
)

2018-04-11T15:27:59+08:00	act=get_auth_info&return_data=json&ac=c476cb0385d9fd05134b59ca8213c2dc
array (
  'act' => 'get_auth_info',
  'return_data' => 'json',
  'ac' => 'c476cb0385d9fd05134b59ca8213c2dc',
)

2018-04-11T15:28:29+08:00	act=get_auth_info&return_data=json&ac=c476cb0385d9fd05134b59ca8213c2dc
array (
  'act' => 'get_auth_info',
  'return_data' => 'json',
  'ac' => 'c476cb0385d9fd05134b59ca8213c2dc',
)

2018-04-11T15:28:29+08:00	act=get_auth_info&return_data=json&ac=c476cb0385d9fd05134b59ca8213c2dc
array (
  'act' => 'get_auth_info',
  'return_data' => 'json',
  'ac' => 'c476cb0385d9fd05134b59ca8213c2dc',
)

2018-04-11T15:28:43+08:00	act=get_auth_info&return_data=json&ac=c476cb0385d9fd05134b59ca8213c2dc
array (
  'act' => 'get_auth_info',
  'return_data' => 'json',
  'ac' => 'c476cb0385d9fd05134b59ca8213c2dc',
)

2018-04-11T15:28:54+08:00	act=get_auth_info&return_data=json&ac=c476cb0385d9fd05134b59ca8213c2dc
array (
  'act' => 'get_auth_info',
  'return_data' => 'json',
  'ac' => 'c476cb0385d9fd05134b59ca8213c2dc',
)

2018-04-11T15:29:18+08:00	act=get_auth_info&return_data=json&ac=c476cb0385d9fd05134b59ca8213c2dc
array (
  'act' => 'get_auth_info',
  'return_data' => 'json',
  'ac' => 'c476cb0385d9fd05134b59ca8213c2dc',
)

2018-04-11T15:29:24+08:00	act=get_auth_info&return_data=json&ac=c476cb0385d9fd05134b59ca8213c2dc
array (
  'act' => 'get_auth_info',
  'return_data' => 'json',
  'ac' => 'c476cb0385d9fd05134b59ca8213c2dc',
)

2018-04-11T15:40:32+08:00	act=get_auth_info&return_data=json&ac=c476cb0385d9fd05134b59ca8213c2dc
array (
  'act' => 'get_auth_info',
  'return_data' => 'json',
  'ac' => 'c476cb0385d9fd05134b59ca8213c2dc',
)

2018-04-11T15:40:39+08:00	act=get_auth_info&return_data=json&ac=c476cb0385d9fd05134b59ca8213c2dc
array (
  'act' => 'get_auth_info',
  'return_data' => 'json',
  'ac' => 'c476cb0385d9fd05134b59ca8213c2dc',
)

2018-04-11T15:45:36+08:00	act=get_auth_info&return_data=json&ac=c476cb0385d9fd05134b59ca8213c2dc
array (
  'act' => 'get_auth_info',
  'return_data' => 'json',
  'ac' => 'c476cb0385d9fd05134b59ca8213c2dc',
)

2018-04-11T15:46:18+08:00	act=get_auth_info&return_data=json&ac=c476cb0385d9fd05134b59ca8213c2dc
array (
  'act' => 'get_auth_info',
  'return_data' => 'json',
  'ac' => 'c476cb0385d9fd05134b59ca8213c2dc',
)

2018-04-11T15:46:51+08:00	act=get_auth_info&return_data=json&ac=c476cb0385d9fd05134b59ca8213c2dc
array (
  'act' => 'get_auth_info',
  'return_data' => 'json',
  'ac' => 'c476cb0385d9fd05134b59ca8213c2dc',
)

2018-04-11T15:48:00+08:00	act=get_auth_info&return_data=json&ac=c476cb0385d9fd05134b59ca8213c2dc
array (
  'act' => 'get_auth_info',
  'return_data' => 'json',
  'ac' => 'c476cb0385d9fd05134b59ca8213c2dc',
)

2018-04-11T15:49:31+08:00	act=get_auth_info&return_data=json&ac=c476cb0385d9fd05134b59ca8213c2dc
array (
  'act' => 'get_auth_info',
  'return_data' => 'json',
  'ac' => 'c476cb0385d9fd05134b59ca8213c2dc',
)

