[ 2017-09-06T21:18:31+08:00 ] ::1 /TPstudy/
INFO: [ app_init ] --START--
INFO: Run Behavior\BuildLiteBehavior [ RunTime:0.000024s ]
INFO: [ app_init ] --END-- [ RunTime:0.000157s ]
INFO: [ app_begin ] --START--
INFO: Run Behavior\ReadHtmlCacheBehavior [ RunTime:0.002787s ]
INFO: [ app_begin ] --END-- [ RunTime:0.002921s ]
NOTIC: [8] A session had already been started - ignoring session_start() E:\www\TPstudy\ThinkPHP\Common\functions.php 第 1263 行.
INFO: [ view_parse ] --START--
INFO: [ template_filter ] --START--
INFO: Run Behavior\ContentReplaceBehavior [ RunTime:0.000868s ]
INFO: [ template_filter ] --END-- [ RunTime:0.000990s ]
INFO: Run Behavior\ParseTemplateBehavior [ RunTime:0.750262s ]
INFO: [ view_parse ] --END-- [ RunTime:0.750390s ]
INFO: [ view_filter ] --START--
INFO: Run Behavior\WriteHtmlCacheBehavior [ RunTime:0.030784s ]
INFO: [ view_filter ] --END-- [ RunTime:0.030880s ]
INFO: [ app_end ] --START--
INFO: Run Behavior\ShowPageTraceBehavior [ RunTime:0.012450s ]
INFO: [ app_end ] --END-- [ RunTime:0.012570s ]

[ 2017-09-06T21:29:09+08:00 ] ::1 /TPstudy/
INFO: [ app_init ] --START--
INFO: Run Behavior\BuildLiteBehavior [ RunTime:0.000028s ]
INFO: [ app_init ] --END-- [ RunTime:0.001158s ]
INFO: [ app_begin ] --START--
INFO: Run Behavior\ReadHtmlCacheBehavior [ RunTime:0.001232s ]
INFO: [ app_begin ] --END-- [ RunTime:0.001338s ]
NOTIC: [8] A session had already been started - ignoring session_start() E:\www\TPstudy\ThinkPHP\Common\functions.php 第 1263 行.
INFO: [ view_parse ] --START--
INFO: Run Behavior\ParseTemplateBehavior [ RunTime:0.000919s ]
INFO: [ view_parse ] --END-- [ RunTime:0.001020s ]
INFO: [ view_filter ] --START--
INFO: Run Behavior\WriteHtmlCacheBehavior [ RunTime:0.000819s ]
INFO: [ view_filter ] --END-- [ RunTime:0.000899s ]
INFO: [ app_end ] --START--
INFO: Run Behavior\ShowPageTraceBehavior [ RunTime:0.001359s ]
INFO: [ app_end ] --END-- [ RunTime:0.001451s ]

[ 2017-09-06T21:36:22+08:00 ] ::1 /TPstudy/
INFO: [ app_init ] --START--
INFO: Run Behavior\BuildLiteBehavior [ RunTime:0.000034s ]
INFO: [ app_init ] --END-- [ RunTime:0.001048s ]
INFO: [ app_begin ] --START--
INFO: Run Behavior\ReadHtmlCacheBehavior [ RunTime:0.001312s ]
INFO: [ app_begin ] --END-- [ RunTime:0.001682s ]
NOTIC: [8] A session had already been started - ignoring session_start() E:\www\TPstudy\ThinkPHP\Common\functions.php 第 1263 行.
NOTIC: [2] require_once(../lib/WxPay.Api.php): failed to open stream: No such file or directory E:\www\TPstudy\Application\Common\WxPay.JsApiPay.php 第 2 行.

[ 2017-09-06T21:36:58+08:00 ] ::1 /TPstudy/
INFO: [ app_init ] --START--
INFO: Run Behavior\BuildLiteBehavior [ RunTime:0.000029s ]
INFO: [ app_init ] --END-- [ RunTime:0.001442s ]
INFO: [ app_begin ] --START--
INFO: Run Behavior\ReadHtmlCacheBehavior [ RunTime:0.003172s ]
INFO: [ app_begin ] --END-- [ RunTime:0.003281s ]
NOTIC: [8] A session had already been started - ignoring session_start() E:\www\TPstudy\ThinkPHP\Common\functions.php 第 1263 行.

[ 2017-09-06T21:37:22+08:00 ] ::1 /TPstudy/
INFO: [ app_init ] --START--
INFO: Run Behavior\BuildLiteBehavior [ RunTime:0.000026s ]
INFO: [ app_init ] --END-- [ RunTime:0.000878s ]
INFO: [ app_begin ] --START--
INFO: Run Behavior\ReadHtmlCacheBehavior [ RunTime:0.000922s ]
INFO: [ app_begin ] --END-- [ RunTime:0.001018s ]
NOTIC: [8] A session had already been started - ignoring session_start() E:\www\TPstudy\ThinkPHP\Common\functions.php 第 1263 行.

[ 2017-09-06T21:39:19+08:00 ] ::1 /TPstudy/
INFO: [ app_init ] --START--
INFO: Run Behavior\BuildLiteBehavior [ RunTime:0.000032s ]
INFO: [ app_init ] --END-- [ RunTime:0.000999s ]
INFO: [ app_begin ] --START--
INFO: Run Behavior\ReadHtmlCacheBehavior [ RunTime:0.001386s ]
INFO: [ app_begin ] --END-- [ RunTime:0.001510s ]
NOTIC: [8] A session had already been started - ignoring session_start() E:\www\TPstudy\ThinkPHP\Common\functions.php 第 1263 行.

[ 2017-09-06T21:39:35+08:00 ] ::1 /TPstudy/
INFO: [ app_init ] --START--
INFO: Run Behavior\BuildLiteBehavior [ RunTime:0.000029s ]
INFO: [ app_init ] --END-- [ RunTime:0.002895s ]
INFO: [ app_begin ] --START--
INFO: Run Behavior\ReadHtmlCacheBehavior [ RunTime:0.000973s ]
INFO: [ app_begin ] --END-- [ RunTime:0.001077s ]
NOTIC: [8] A session had already been started - ignoring session_start() E:\www\TPstudy\ThinkPHP\Common\functions.php 第 1263 行.

[ 2017-09-06T21:39:47+08:00 ] ::1 /TPstudy/
INFO: [ app_init ] --START--
INFO: Run Behavior\BuildLiteBehavior [ RunTime:0.000026s ]
INFO: [ app_init ] --END-- [ RunTime:0.000928s ]
INFO: [ app_begin ] --START--
INFO: Run Behavior\ReadHtmlCacheBehavior [ RunTime:0.001400s ]
INFO: [ app_begin ] --END-- [ RunTime:0.001504s ]
NOTIC: [8] A session had already been started - ignoring session_start() E:\www\TPstudy\ThinkPHP\Common\functions.php 第 1263 行.
NOTIC: [8] Undefined variable: openId E:\www\TPstudy\Application\Home\Controller\IndexController.class.php 第 22 行.

[ 2017-09-06T21:39:54+08:00 ] ::1 /TPstudy/
INFO: [ app_init ] --START--
INFO: Run Behavior\BuildLiteBehavior [ RunTime:0.000028s ]
INFO: [ app_init ] --END-- [ RunTime:0.000987s ]
INFO: [ app_begin ] --START--
INFO: Run Behavior\ReadHtmlCacheBehavior [ RunTime:0.000948s ]
INFO: [ app_begin ] --END-- [ RunTime:0.001048s ]
NOTIC: [8] A session had already been started - ignoring session_start() E:\www\TPstudy\ThinkPHP\Common\functions.php 第 1263 行.
NOTIC: [8] Undefined variable: openId E:\www\TPstudy\Application\Home\Controller\IndexController.class.php 第 22 行.
ERR: curl出错，错误码:60

[ 2017-09-06T21:47:28+08:00 ] ::1 /TPstudy/
INFO: [ app_init ] --START--
INFO: Run Behavior\BuildLiteBehavior [ RunTime:0.000027s ]
INFO: [ app_init ] --END-- [ RunTime:0.001167s ]
INFO: [ app_begin ] --START--
INFO: Run Behavior\ReadHtmlCacheBehavior [ RunTime:0.001225s ]
INFO: [ app_begin ] --END-- [ RunTime:0.001340s ]
NOTIC: [8] A session had already been started - ignoring session_start() E:\www\TPstudy\ThinkPHP\Common\functions.php 第 1263 行.
NOTIC: [8] Undefined variable: openId E:\www\TPstudy\Application\Home\Controller\IndexController.class.php 第 22 行.
ERR: curl出错，错误码:60

[ 2017-09-06T21:47:29+08:00 ] ::1 /TPstudy/
INFO: [ app_init ] --START--
INFO: Run Behavior\BuildLiteBehavior [ RunTime:0.000131s ]
INFO: [ app_init ] --END-- [ RunTime:0.000988s ]
INFO: [ app_begin ] --START--
INFO: Run Behavior\ReadHtmlCacheBehavior [ RunTime:0.000974s ]
INFO: [ app_begin ] --END-- [ RunTime:0.001078s ]
NOTIC: [8] A session had already been started - ignoring session_start() E:\www\TPstudy\ThinkPHP\Common\functions.php 第 1263 行.
NOTIC: [8] Undefined variable: openId E:\www\TPstudy\Application\Home\Controller\IndexController.class.php 第 22 行.
ERR: curl出错，错误码:60

[ 2017-09-06T21:47:39+08:00 ] ::1 /TPstudy/
INFO: [ app_init ] --START--
INFO: Run Behavior\BuildLiteBehavior [ RunTime:0.000030s ]
INFO: [ app_init ] --END-- [ RunTime:0.001295s ]
INFO: [ app_begin ] --START--
INFO: Run Behavior\ReadHtmlCacheBehavior [ RunTime:0.002305s ]
INFO: [ app_begin ] --END-- [ RunTime:0.002419s ]
NOTIC: [8] A session had already been started - ignoring session_start() E:\www\TPstudy\ThinkPHP\Common\functions.php 第 1263 行.
NOTIC: [8] Undefined variable: openId E:\www\TPstudy\Application\Home\Controller\IndexController.class.php 第 22 行.

[ 2017-09-06T21:48:06+08:00 ] ::1 /TPstudy/
INFO: [ app_init ] --START--
INFO: Run Behavior\BuildLiteBehavior [ RunTime:0.000027s ]
INFO: [ app_init ] --END-- [ RunTime:0.001807s ]
INFO: [ app_begin ] --START--
INFO: Run Behavior\ReadHtmlCacheBehavior [ RunTime:0.001151s ]
INFO: [ app_begin ] --END-- [ RunTime:0.001252s ]
NOTIC: [8] A session had already been started - ignoring session_start() E:\www\TPstudy\ThinkPHP\Common\functions.php 第 1263 行.
NOTIC: [8] Undefined variable: openId E:\www\TPstudy\Application\Home\Controller\IndexController.class.php 第 22 行.

[ 2017-09-06T21:51:45+08:00 ] ::1 /TPstudy/
INFO: [ app_init ] --START--
INFO: Run Behavior\BuildLiteBehavior [ RunTime:0.000024s ]
INFO: [ app_init ] --END-- [ RunTime:0.000785s ]
INFO: [ app_begin ] --START--
INFO: Run Behavior\ReadHtmlCacheBehavior [ RunTime:0.002063s ]
INFO: [ app_begin ] --END-- [ RunTime:0.002167s ]
NOTIC: [8] A session had already been started - ignoring session_start() E:\www\TPstudy\ThinkPHP\Common\functions.php 第 1263 行.
NOTIC: [8] Undefined variable: openId E:\www\TPstudy\Application\Home\Controller\IndexController.class.php 第 22 行.
NOTIC: [8] Array to string conversion E:\www\TPstudy\Application\Home\Controller\IndexController.class.php 第 25 行.
NOTIC: [8] Undefined variable: tools E:\www\TPstudy\Application\Home\Controller\IndexController.class.php 第 26 行.

[ 2017-09-06T21:52:06+08:00 ] ::1 /TPstudy/
INFO: [ app_init ] --START--
INFO: Run Behavior\BuildLiteBehavior [ RunTime:0.000033s ]
INFO: [ app_init ] --END-- [ RunTime:0.001140s ]
INFO: [ app_begin ] --START--
INFO: Run Behavior\ReadHtmlCacheBehavior [ RunTime:0.001451s ]
INFO: [ app_begin ] --END-- [ RunTime:0.001558s ]
NOTIC: [8] A session had already been started - ignoring session_start() E:\www\TPstudy\ThinkPHP\Common\functions.php 第 1263 行.
NOTIC: [8] Undefined variable: openId E:\www\TPstudy\Application\Home\Controller\IndexController.class.php 第 22 行.
NOTIC: [8] Array to string conversion E:\www\TPstudy\Application\Home\Controller\IndexController.class.php 第 25 行.
ERR: 参数错误

