
get_auth_info
get_auth_info
get_auth_info
ecmobile_send_sms
get_auth_info
get_auth_info
get_auth_info
get_auth_info
get_auth_info
get_auth_info
get_auth_info
ecmobile_fire_event
get_auth_info
get_auth_info
get_auth_info
ecmobile_get_logistics_info
get_auth_info
ecmobile_get_logistics_info
ecmobile_get_logistics_info
ecmobile_fire_event
get_auth_info
get_auth_info
ecmobile_fire_event
get_auth_info
get_auth_info
get_auth_info
get_auth_info
get_auth_info
get_auth_info
get_auth_info
get_auth_info
get_auth_info
get_auth_info
get_auth_info
get_auth_info
get_auth_info
get_auth_info
get_auth_info
get_auth_info
get_auth_info